# JRE version: OpenJDK Runtime Environment Temurin-17.0.8.1+1 (17.0.8.1+1) (build 17.0.8.1+1)
# Java VM: OpenJDK 64-Bit Server VM Temurin-17.0.8.1+1 (17.0.8.1+1, mixed mode, sharing, tiered, compressed oops, compressed class ptrs, g1 gc, linux-amd64)
GC Precious Log:
 CPUs: 8 total, 8 available
 Memory: 7819M
 Large Page Support: Disabled
 NUMA Support: Disabled
 Compressed Oops: Enabled (32-bit)
 Heap Region Size: 1M
 Heap Min Capacity: 8M
 Heap Initial Capacity: 124M
 Heap Max Capacity: 1956M
 Pre-touch: Disabled
 Parallel Workers: 8
 Concurrent Workers: 2
 Concurrent Refinement Workers: 8
 Periodic GC: Disabled
Heap:
 garbage-first heap   total 89088K, used 49548K [0x0000000085c00000, 0x0000000100000000)
  region size 1024K, 3 young (3072K), 2 survivors (2048K)
 Metaspace       used 73853K, committed 74432K, reserved 1114112K
  class space    used 9966K, committed 10240K, reserved 1048576K
GC Heap History (20 events):
Event: 5.418 GC heap before
{Heap before GC invocations=14 (full 0):
 garbage-first heap   total 70656K, used 55525K [0x0000000085c00000, 0x0000000100000000)
  region size 1024K, 32 young (32768K), 4 survivors (4096K)
 Metaspace       used 63304K, committed 63808K, reserved 1114112K
  class space    used 8605K, committed 8832K, reserved 1048576K
}
Event: 5.422 GC heap after
{Heap after GC invocations=15 (full 0):
 garbage-first heap   total 70656K, used 28035K [0x0000000085c00000, 0x0000000100000000)
  region size 1024K, 2 young (2048K), 2 survivors (2048K)
 Metaspace       used 63304K, committed 63808K, reserved 1114112K
  class space    used 8605K, committed 8832K, reserved 1048576K
}
Event: 5.485 GC heap before
{Heap before GC invocations=15 (full 0):
 garbage-first heap   total 70656K, used 55683K [0x0000000085c00000, 0x0000000100000000)
  region size 1024K, 29 young (29696K), 2 survivors (2048K)
 Metaspace       used 63875K, committed 64448K, reserved 1114112K
  class space    used 8672K, committed 8960K, reserved 1048576K
}
Event: 5.487 GC heap after
{Heap after GC invocations=16 (full 0):
 garbage-first heap   total 70656K, used 28471K [0x0000000085c00000, 0x0000000100000000)
  region size 1024K, 2 young (2048K), 2 survivors (2048K)
 Metaspace       used 63875K, committed 64448K, reserved 1114112K
  class space    used 8672K, committed 8960K, reserved 1048576K
}
Event: 5.731 GC heap before
{Heap before GC invocations=16 (full 0):
 garbage-first heap   total 70656K, used 56119K [0x0000000085c00000, 0x0000000100000000)
  region size 1024K, 29 young (29696K), 2 survivors (2048K)
 Metaspace       used 66157K, committed 66688K, reserved 1114112K
  class space    used 9047K, committed 9280K, reserved 1048576K
}
Event: 5.735 GC heap after
{Heap after GC invocations=17 (full 0):
 garbage-first heap   total 70656K, used 30034K [0x0000000085c00000, 0x0000000100000000)
  region size 1024K, 4 young (4096K), 4 survivors (4096K)
 Metaspace       used 66157K, committed 66688K, reserved 1114112K
  class space    used 9047K, committed 9280K, reserved 1048576K
}
Event: 26.699 GC heap before
{Heap before GC invocations=17 (full 0):
 garbage-first heap   total 70656K, used 54610K [0x0000000085c00000, 0x0000000100000000)
  region size 1024K, 29 young (29696K), 4 survivors (4096K)
 Metaspace       used 68538K, committed 69184K, reserved 1114112K
  class space    used 9368K, committed 9664K, reserved 1048576K
}
Event: 26.711 GC heap after
{Heap after GC invocations=18 (full 0):
 garbage-first heap   total 70656K, used 31956K [0x0000000085c00000, 0x0000000100000000)
  region size 1024K, 4 young (4096K), 4 survivors (4096K)
 Metaspace       used 68538K, committed 69184K, reserved 1114112K
  class space    used 9368K, committed 9664K, reserved 1048576K
}
Event: 60.822 GC heap before
{Heap before GC invocations=18 (full 0):
 garbage-first heap   total 70656K, used 45268K [0x0000000085c00000, 0x0000000100000000)
  region size 1024K, 19 young (19456K), 4 survivors (4096K)
 Metaspace       used 72809K, committed 73344K, reserved 1114112K
  class space    used 9862K, committed 10112K, reserved 1048576K
}
Event: 60.827 GC heap after
{Heap after GC invocations=19 (full 0):
 garbage-first heap   total 70656K, used 33127K [0x0000000085c00000, 0x0000000100000000)
  region size 1024K, 4 young (4096K), 4 survivors (4096K)
 Metaspace       used 72809K, committed 73344K, reserved 1114112K
  class space    used 9862K, committed 10112K, reserved 1048576K
}
Event: 60.986 GC heap before
{Heap before GC invocations=19 (full 0):
 garbage-first heap   total 70656K, used 59751K [0x0000000085c00000, 0x0000000100000000)
  region size 1024K, 26 young (26624K), 4 survivors (4096K)
 Metaspace       used 72917K, committed 73408K, reserved 1114112K
  class space    used 9869K, committed 10112K, reserved 1048576K
}
Event: 60.989 GC heap after
{Heap after GC invocations=20 (full 0):
 garbage-first heap   total 70656K, used 37203K [0x0000000085c00000, 0x0000000100000000)
  region size 1024K, 2 young (2048K), 2 survivors (2048K)
 Metaspace       used 72917K, committed 73408K, reserved 1114112K
  class space    used 9869K, committed 10112K, reserved 1048576K
}
Event: 61.039 GC heap before
{Heap before GC invocations=20 (full 0):
 garbage-first heap   total 70656K, used 43347K [0x0000000085c00000, 0x0000000100000000)
  region size 1024K, 9 young (9216K), 2 survivors (2048K)
 Metaspace       used 72918K, committed 73408K, reserved 1114112K
  class space    used 9869K, committed 10112K, reserved 1048576K
}
Event: 61.041 GC heap after
{Heap after GC invocations=21 (full 0):
 garbage-first heap   total 84992K, used 37192K [0x0000000085c00000, 0x0000000100000000)
  region size 1024K, 2 young (2048K), 2 survivors (2048K)
 Metaspace       used 72918K, committed 73408K, reserved 1114112K
  class space    used 9869K, committed 10112K, reserved 1048576K
}
Event: 61.287 GC heap before
{Heap before GC invocations=21 (full 0):
 garbage-first heap   total 84992K, used 74056K [0x0000000085c00000, 0x0000000100000000)
  region size 1024K, 33 young (33792K), 2 survivors (2048K)
 Metaspace       used 72942K, committed 73472K, reserved 1114112K
  class space    used 9869K, committed 10112K, reserved 1048576K
}
Event: 61.288 GC heap after
{Heap after GC invocations=22 (full 0):
 garbage-first heap   total 84992K, used 42316K [0x0000000085c00000, 0x0000000100000000)
  region size 1024K, 2 young (2048K), 2 survivors (2048K)
 Metaspace       used 72942K, committed 73472K, reserved 1114112K
  class space    used 9869K, committed 10112K, reserved 1048576K
}
Event: 61.493 GC heap before
{Heap before GC invocations=22 (full 0):
 garbage-first heap   total 84992K, used 57676K [0x0000000085c00000, 0x0000000100000000)
  region size 1024K, 18 young (18432K), 2 survivors (2048K)
 Metaspace       used 73856K, committed 74432K, reserved 1114112K
  class space    used 9967K, committed 10240K, reserved 1048576K
}
Event: 61.496 GC heap after
{Heap after GC invocations=23 (full 0):
 garbage-first heap   total 84992K, used 37270K [0x0000000085c00000, 0x0000000100000000)
  region size 1024K, 2 young (2048K), 2 survivors (2048K)
 Metaspace       used 73856K, committed 74432K, reserved 1114112K
  class space    used 9967K, committed 10240K, reserved 1048576K
}
Event: 61.518 GC heap before
{Heap before GC invocations=23 (full 0):
 garbage-first heap   total 84992K, used 44438K [0x0000000085c00000, 0x0000000100000000)
  region size 1024K, 6 young (6144K), 2 survivors (2048K)
 Metaspace       used 73858K, committed 74432K, reserved 1114112K
  class space    used 9967K, committed 10240K, reserved 1048576K
}
Event: 61.521 GC heap after
{Heap after GC invocations=24 (full 0):
 garbage-first heap   total 84992K, used 41356K [0x0000000085c00000, 0x0000000100000000)
  region size 1024K, 2 young (2048K), 2 survivors (2048K)
 Metaspace       used 73858K, committed 74432K, reserved 1114112K
  class space    used 9967K, committed 10240K, reserved 1048576K
}

